<?xml version="1.0" encoding="UTF-8"?>
<testng-results skipped="0" failed="0" ignored="0" total="2" passed="2">
  <reporter-output>
  </reporter-output>
  <suite name="Default suite" duration-ms="18571" started-at="2019-05-09T09:03:54Z" finished-at="2019-05-09T09:04:13Z">
    <groups>
    </groups>
    <test name="Default test" duration-ms="18571" started-at="2019-05-09T09:03:54Z" finished-at="2019-05-09T09:04:13Z">
      <class name="com.actitime.testscripts.CustomerTest">
        <test-method status="PASS" signature="configBeforeSuite()[pri:0, instance:com.actitime.testscripts.CustomerTest@5c3bd550]" name="configBeforeSuite" is-config="true" duration-ms="9" started-at="2019-05-09T09:03:54Z" finished-at="2019-05-09T09:03:54Z">
          <reporter-output>
          </reporter-output>
        </test-method> <!-- configBeforeSuite -->
        <test-method status="PASS" signature="configBC()[pri:0, instance:com.actitime.testscripts.CustomerTest@5c3bd550]" name="configBC" is-config="true" duration-ms="4233" started-at="2019-05-09T09:03:54Z" finished-at="2019-05-09T09:03:58Z">
          <reporter-output>
          </reporter-output>
        </test-method> <!-- configBC -->
        <test-method status="PASS" signature="configBeforeMethod()[pri:0, instance:com.actitime.testscripts.CustomerTest@5c3bd550]" name="configBeforeMethod" is-config="true" duration-ms="1153" started-at="2019-05-09T09:03:58Z" finished-at="2019-05-09T09:04:00Z">
          <reporter-output>
          </reporter-output>
        </test-method> <!-- configBeforeMethod -->
        <test-method status="PASS" signature="createCustomerTest()[pri:0, instance:com.actitime.testscripts.CustomerTest@5c3bd550]" name="createCustomerTest" duration-ms="4167" started-at="2019-05-09T09:04:00Z" finished-at="2019-05-09T09:04:04Z">
          <reporter-output>
          </reporter-output>
        </test-method> <!-- createCustomerTest -->
        <test-method status="PASS" signature="configAfterMethod()[pri:0, instance:com.actitime.testscripts.CustomerTest@5c3bd550]" name="configAfterMethod" is-config="true" duration-ms="2243" started-at="2019-05-09T09:04:04Z" finished-at="2019-05-09T09:04:06Z">
          <reporter-output>
          </reporter-output>
        </test-method> <!-- configAfterMethod -->
        <test-method status="PASS" signature="configBeforeMethod()[pri:0, instance:com.actitime.testscripts.CustomerTest@5c3bd550]" name="configBeforeMethod" is-config="true" duration-ms="921" started-at="2019-05-09T09:04:06Z" finished-at="2019-05-09T09:04:07Z">
          <reporter-output>
          </reporter-output>
        </test-method> <!-- configBeforeMethod -->
        <test-method status="PASS" signature="createCustomerWithDescriptionTest()[pri:0, instance:com.actitime.testscripts.CustomerTest@5c3bd550]" name="createCustomerWithDescriptionTest" duration-ms="3571" started-at="2019-05-09T09:04:07Z" finished-at="2019-05-09T09:04:10Z">
          <reporter-output>
          </reporter-output>
        </test-method> <!-- createCustomerWithDescriptionTest -->
        <test-method status="PASS" signature="configAfterMethod()[pri:0, instance:com.actitime.testscripts.CustomerTest@5c3bd550]" name="configAfterMethod" is-config="true" duration-ms="2265" started-at="2019-05-09T09:04:10Z" finished-at="2019-05-09T09:04:13Z">
          <reporter-output>
          </reporter-output>
        </test-method> <!-- configAfterMethod -->
        <test-method status="PASS" signature="conficAfterClass()[pri:0, instance:com.actitime.testscripts.CustomerTest@5c3bd550]" name="conficAfterClass" is-config="true" duration-ms="0" started-at="2019-05-09T09:04:13Z" finished-at="2019-05-09T09:04:13Z">
          <reporter-output>
          </reporter-output>
        </test-method> <!-- conficAfterClass -->
      </class> <!-- com.actitime.testscripts.CustomerTest -->
    </test> <!-- Default test -->
  </suite> <!-- Default suite -->
</testng-results>
